# JRE version: OpenJDK Runtime Environment Temurin-17.0.12+7 (17.0.12+7) (build 17.0.12+7)
# Java VM: OpenJDK 64-Bit Server VM Temurin-17.0.12+7 (17.0.12+7, mixed mode, tiered, compressed oops, compressed class ptrs, parallel gc, windows-amd64)
GC Precious Log:
 CPUs: 8 total, 8 available
 Memory: 16304M
 Large Page Support: Disabled
 NUMA Support: Disabled
 Compressed Oops: Enabled (32-bit)
 Alignments: Space 512K, Generation 512K, Heap 2M
 Heap Min Capacity: 100M
 Heap Initial Capacity: 100M
 Heap Max Capacity: 1G
 Pre-touch: Disabled
 Parallel Workers: 8
Heap:
 PSYoungGen      total 4608K, used 1001K [0x00000000eab00000, 0x00000000eb980000, 0x0000000100000000)
  eden space 3584K, 0% used [0x00000000eab00000,0x00000000eab00000,0x00000000eae80000)
  from space 1024K, 97% used [0x00000000eae80000,0x00000000eaf7a6a0,0x00000000eaf80000)
  to   space 5120K, 0% used [0x00000000eb480000,0x00000000eb480000,0x00000000eb980000)
 ParOldGen       total 223232K, used 220749K [0x00000000c0000000, 0x00000000cda00000, 0x00000000eab00000)
  object space 223232K, 98% used [0x00000000c0000000,0x00000000cd793430,0x00000000cda00000)
 Metaspace       used 89534K, committed 90816K, reserved 1179648K
  class space    used 9428K, committed 9984K, reserved 1048576K
GC Heap History (20 events):
Event: 147057.655 GC heap after
{Heap after GC invocations=495 (full 11):
 PSYoungGen      total 6144K, used 1598K [0x00000000eab00000, 0x00000000eb300000, 0x0000000100000000)
  eden space 4096K, 0% used [0x00000000eab00000,0x00000000eab00000,0x00000000eaf00000)
  from space 2048K, 78% used [0x00000000eb100000,0x00000000eb28fb90,0x00000000eb300000)
  to   space 2048K, 0% used [0x00000000eaf00000,0x00000000eaf00000,0x00000000eb100000)
 ParOldGen       total 223232K, used 217369K [0x00000000c0000000, 0x00000000cda00000, 0x00000000eab00000)
  object space 223232K, 97% used [0x00000000c0000000,0x00000000cd446438,0x00000000cda00000)
 Metaspace       used 89480K, committed 90752K, reserved 1179648K
  class space    used 9427K, committed 9984K, reserved 1048576K
}
Event: 147058.170 GC heap before
{Heap before GC invocations=496 (full 11):
 PSYoungGen      total 6144K, used 5694K [0x00000000eab00000, 0x00000000eb300000, 0x0000000100000000)
  eden space 4096K, 100% used [0x00000000eab00000,0x00000000eaf00000,0x00000000eaf00000)
  from space 2048K, 78% used [0x00000000eb100000,0x00000000eb28fb90,0x00000000eb300000)
  to   space 2048K, 0% used [0x00000000eaf00000,0x00000000eaf00000,0x00000000eb100000)
 ParOldGen       total 223232K, used 217369K [0x00000000c0000000, 0x00000000cda00000, 0x00000000eab00000)
  object space 223232K, 97% used [0x00000000c0000000,0x00000000cd446438,0x00000000cda00000)
 Metaspace       used 89481K, committed 90752K, reserved 1179648K
  class space    used 9427K, committed 9984K, reserved 1048576K
}
Event: 147058.172 GC heap after
{Heap after GC invocations=496 (full 11):
 PSYoungGen      total 5632K, used 1086K [0x00000000eab00000, 0x00000000eb200000, 0x0000000100000000)
  eden space 4096K, 0% used [0x00000000eab00000,0x00000000eab00000,0x00000000eaf00000)
  from space 1536K, 70% used [0x00000000eaf00000,0x00000000eb00fb90,0x00000000eb080000)
  to   space 1536K, 0% used [0x00000000eb080000,0x00000000eb080000,0x00000000eb200000)
 ParOldGen       total 223232K, used 217369K [0x00000000c0000000, 0x00000000cda00000, 0x00000000eab00000)
  object space 223232K, 97% used [0x00000000c0000000,0x00000000cd446438,0x00000000cda00000)
 Metaspace       used 89481K, committed 90752K, reserved 1179648K
  class space    used 9427K, committed 9984K, reserved 1048576K
}
Event: 147058.196 GC heap before
{Heap before GC invocations=497 (full 11):
 PSYoungGen      total 5632K, used 5182K [0x00000000eab00000, 0x00000000eb200000, 0x0000000100000000)
  eden space 4096K, 100% used [0x00000000eab00000,0x00000000eaf00000,0x00000000eaf00000)
  from space 1536K, 70% used [0x00000000eaf00000,0x00000000eb00fb90,0x00000000eb080000)
  to   space 1536K, 0% used [0x00000000eb080000,0x00000000eb080000,0x00000000eb200000)
 ParOldGen       total 223232K, used 217369K [0x00000000c0000000, 0x00000000cda00000, 0x00000000eab00000)
  object space 223232K, 97% used [0x00000000c0000000,0x00000000cd446438,0x00000000cda00000)
 Metaspace       used 89483K, committed 90752K, reserved 1179648K
  class space    used 9427K, committed 9984K, reserved 1048576K
}
Event: 147058.198 GC heap after
{Heap after GC invocations=497 (full 11):
 PSYoungGen      total 5632K, used 1086K [0x00000000eab00000, 0x00000000eb200000, 0x0000000100000000)
  eden space 4096K, 0% used [0x00000000eab00000,0x00000000eab00000,0x00000000eaf00000)
  from space 1536K, 70% used [0x00000000eb080000,0x00000000eb18fb90,0x00000000eb200000)
  to   space 1536K, 0% used [0x00000000eaf00000,0x00000000eaf00000,0x00000000eb080000)
 ParOldGen       total 223232K, used 217369K [0x00000000c0000000, 0x00000000cda00000, 0x00000000eab00000)
  object space 223232K, 97% used [0x00000000c0000000,0x00000000cd446438,0x00000000cda00000)
 Metaspace       used 89483K, committed 90752K, reserved 1179648K
  class space    used 9427K, committed 9984K, reserved 1048576K
}
Event: 147067.438 GC heap before
{Heap before GC invocations=498 (full 11):
 PSYoungGen      total 5632K, used 5182K [0x00000000eab00000, 0x00000000eb200000, 0x0000000100000000)
  eden space 4096K, 99% used [0x00000000eab00000,0x00000000eaefffc0,0x00000000eaf00000)
  from space 1536K, 70% used [0x00000000eb080000,0x00000000eb18fb90,0x00000000eb200000)
  to   space 1536K, 0% used [0x00000000eaf00000,0x00000000eaf00000,0x00000000eb080000)
 ParOldGen       total 223232K, used 217369K [0x00000000c0000000, 0x00000000cda00000, 0x00000000eab00000)
  object space 223232K, 97% used [0x00000000c0000000,0x00000000cd446438,0x00000000cda00000)
 Metaspace       used 89500K, committed 90752K, reserved 1179648K
  class space    used 9427K, committed 9984K, reserved 1048576K
}
Event: 147067.440 GC heap after
{Heap after GC invocations=498 (full 11):
 PSYoungGen      total 4608K, used 320K [0x00000000eab00000, 0x00000000eb100000, 0x0000000100000000)
  eden space 4096K, 0% used [0x00000000eab00000,0x00000000eab00000,0x00000000eaf00000)
  from space 512K, 62% used [0x00000000eaf00000,0x00000000eaf50020,0x00000000eaf80000)
  to   space 1024K, 0% used [0x00000000eb000000,0x00000000eb000000,0x00000000eb100000)
 ParOldGen       total 223232K, used 217377K [0x00000000c0000000, 0x00000000cda00000, 0x00000000eab00000)
  object space 223232K, 97% used [0x00000000c0000000,0x00000000cd448438,0x00000000cda00000)
 Metaspace       used 89500K, committed 90752K, reserved 1179648K
  class space    used 9427K, committed 9984K, reserved 1048576K
}
Event: 147068.313 GC heap before
{Heap before GC invocations=499 (full 11):
 PSYoungGen      total 4608K, used 4416K [0x00000000eab00000, 0x00000000eb100000, 0x0000000100000000)
  eden space 4096K, 100% used [0x00000000eab00000,0x00000000eaf00000,0x00000000eaf00000)
  from space 512K, 62% used [0x00000000eaf00000,0x00000000eaf50020,0x00000000eaf80000)
  to   space 1024K, 0% used [0x00000000eb000000,0x00000000eb000000,0x00000000eb100000)
 ParOldGen       total 223232K, used 217377K [0x00000000c0000000, 0x00000000cda00000, 0x00000000eab00000)
  object space 223232K, 97% used [0x00000000c0000000,0x00000000cd448438,0x00000000cda00000)
 Metaspace       used 89509K, committed 90752K, reserved 1179648K
  class space    used 9427K, committed 9984K, reserved 1048576K
}
Event: 147068.315 GC heap after
{Heap after GC invocations=499 (full 11):
 PSYoungGen      total 4608K, used 928K [0x00000000eab00000, 0x00000000eb200000, 0x0000000100000000)
  eden space 3584K, 0% used [0x00000000eab00000,0x00000000eab00000,0x00000000eae80000)
  from space 1024K, 90% used [0x00000000eb000000,0x00000000eb0e8040,0x00000000eb100000)
  to   space 1536K, 0% used [0x00000000eae80000,0x00000000eae80000,0x00000000eb000000)
 ParOldGen       total 223232K, used 217377K [0x00000000c0000000, 0x00000000cda00000, 0x00000000eab00000)
  object space 223232K, 97% used [0x00000000c0000000,0x00000000cd448438,0x00000000cda00000)
 Metaspace       used 89509K, committed 90752K, reserved 1179648K
  class space    used 9427K, committed 9984K, reserved 1048576K
}
Event: 147068.422 GC heap before
{Heap before GC invocations=500 (full 11):
 PSYoungGen      total 4608K, used 4512K [0x00000000eab00000, 0x00000000eb200000, 0x0000000100000000)
  eden space 3584K, 100% used [0x00000000eab00000,0x00000000eae80000,0x00000000eae80000)
  from space 1024K, 90% used [0x00000000eb000000,0x00000000eb0e8040,0x00000000eb100000)
  to   space 1536K, 0% used [0x00000000eae80000,0x00000000eae80000,0x00000000eb000000)
 ParOldGen       total 223232K, used 217377K [0x00000000c0000000, 0x00000000cda00000, 0x00000000eab00000)
  object space 223232K, 97% used [0x00000000c0000000,0x00000000cd448438,0x00000000cda00000)
 Metaspace       used 89512K, committed 90752K, reserved 1179648K
  class space    used 9427K, committed 9984K, reserved 1048576K
}
Event: 147068.424 GC heap after
{Heap after GC invocations=500 (full 11):
 PSYoungGen      total 4608K, used 896K [0x00000000eab00000, 0x00000000eb080000, 0x0000000100000000)
  eden space 3584K, 0% used [0x00000000eab00000,0x00000000eab00000,0x00000000eae80000)
  from space 1024K, 87% used [0x00000000eae80000,0x00000000eaf60040,0x00000000eaf80000)
  to   space 1024K, 0% used [0x00000000eaf80000,0x00000000eaf80000,0x00000000eb080000)
 ParOldGen       total 223232K, used 217377K [0x00000000c0000000, 0x00000000cda00000, 0x00000000eab00000)
  object space 223232K, 97% used [0x00000000c0000000,0x00000000cd448438,0x00000000cda00000)
 Metaspace       used 89512K, committed 90752K, reserved 1179648K
  class space    used 9427K, committed 9984K, reserved 1048576K
}
Event: 147068.794 GC heap before
{Heap before GC invocations=501 (full 11):
 PSYoungGen      total 4608K, used 4480K [0x00000000eab00000, 0x00000000eb080000, 0x0000000100000000)
  eden space 3584K, 100% used [0x00000000eab00000,0x00000000eae80000,0x00000000eae80000)
  from space 1024K, 87% used [0x00000000eae80000,0x00000000eaf60040,0x00000000eaf80000)
  to   space 1024K, 0% used [0x00000000eaf80000,0x00000000eaf80000,0x00000000eb080000)
 ParOldGen       total 223232K, used 217377K [0x00000000c0000000, 0x00000000cda00000, 0x00000000eab00000)
  object space 223232K, 97% used [0x00000000c0000000,0x00000000cd448438,0x00000000cda00000)
 Metaspace       used 89515K, committed 90752K, reserved 1179648K
  class space    used 9427K, committed 9984K, reserved 1048576K
}
Event: 147068.795 GC heap after
{Heap after GC invocations=501 (full 11):
 PSYoungGen      total 4608K, used 752K [0x00000000eab00000, 0x00000000eb080000, 0x0000000100000000)
  eden space 3584K, 0% used [0x00000000eab00000,0x00000000eab00000,0x00000000eae80000)
  from space 1024K, 73% used [0x00000000eaf80000,0x00000000eb03c050,0x00000000eb080000)
  to   space 1024K, 0% used [0x00000000eae80000,0x00000000eae80000,0x00000000eaf80000)
 ParOldGen       total 223232K, used 217377K [0x00000000c0000000, 0x00000000cda00000, 0x00000000eab00000)
  object space 223232K, 97% used [0x00000000c0000000,0x00000000cd448438,0x00000000cda00000)
 Metaspace       used 89515K, committed 90752K, reserved 1179648K
  class space    used 9427K, committed 9984K, reserved 1048576K
}
Event: 147069.211 GC heap before
{Heap before GC invocations=502 (full 11):
 PSYoungGen      total 4608K, used 4336K [0x00000000eab00000, 0x00000000eb080000, 0x0000000100000000)
  eden space 3584K, 99% used [0x00000000eab00000,0x00000000eae7fff0,0x00000000eae80000)
  from space 1024K, 73% used [0x00000000eaf80000,0x00000000eb03c050,0x00000000eb080000)
  to   space 1024K, 0% used [0x00000000eae80000,0x00000000eae80000,0x00000000eaf80000)
 ParOldGen       total 223232K, used 217377K [0x00000000c0000000, 0x00000000cda00000, 0x00000000eab00000)
  object space 223232K, 97% used [0x00000000c0000000,0x00000000cd448438,0x00000000cda00000)
 Metaspace       used 89527K, committed 90752K, reserved 1179648K
  class space    used 9428K, committed 9984K, reserved 1048576K
}
Event: 147069.212 GC heap after
{Heap after GC invocations=502 (full 11):
 PSYoungGen      total 4608K, used 256K [0x00000000eab00000, 0x00000000eb000000, 0x0000000100000000)
  eden space 3584K, 0% used [0x00000000eab00000,0x00000000eab00000,0x00000000eae80000)
  from space 1024K, 25% used [0x00000000eae80000,0x00000000eaec0000,0x00000000eaf80000)
  to   space 512K, 0% used [0x00000000eaf80000,0x00000000eaf80000,0x00000000eb000000)
 ParOldGen       total 223232K, used 217385K [0x00000000c0000000, 0x00000000cda00000, 0x00000000eab00000)
  object space 223232K, 97% used [0x00000000c0000000,0x00000000cd44a438,0x00000000cda00000)
 Metaspace       used 89527K, committed 90752K, reserved 1179648K
  class space    used 9428K, committed 9984K, reserved 1048576K
}
Event: 147069.239 GC heap before
{Heap before GC invocations=503 (full 11):
 PSYoungGen      total 4608K, used 3653K [0x00000000eab00000, 0x00000000eb000000, 0x0000000100000000)
  eden space 3584K, 94% used [0x00000000eab00000,0x00000000eae515a8,0x00000000eae80000)
  from space 1024K, 25% used [0x00000000eae80000,0x00000000eaec0000,0x00000000eaf80000)
  to   space 512K, 0% used [0x00000000eaf80000,0x00000000eaf80000,0x00000000eb000000)
 ParOldGen       total 223232K, used 217385K [0x00000000c0000000, 0x00000000cda00000, 0x00000000eab00000)
  object space 223232K, 97% used [0x00000000c0000000,0x00000000cd44a438,0x00000000cda00000)
 Metaspace       used 89534K, committed 90816K, reserved 1179648K
  class space    used 9428K, committed 9984K, reserved 1048576K
}
Event: 147069.240 GC heap after
{Heap after GC invocations=503 (full 11):
 PSYoungGen      total 4096K, used 500K [0x00000000eab00000, 0x00000000eb080000, 0x0000000100000000)
  eden space 3584K, 0% used [0x00000000eab00000,0x00000000eab00000,0x00000000eae80000)
  from space 512K, 97% used [0x00000000eaf80000,0x00000000eaffd360,0x00000000eb000000)
  to   space 1024K, 0% used [0x00000000eae80000,0x00000000eae80000,0x00000000eaf80000)
 ParOldGen       total 223232K, used 217669K [0x00000000c0000000, 0x00000000cda00000, 0x00000000eab00000)
  object space 223232K, 97% used [0x00000000c0000000,0x00000000cd491430,0x00000000cda00000)
 Metaspace       used 89534K, committed 90816K, reserved 1179648K
  class space    used 9428K, committed 9984K, reserved 1048576K
}
Event: 147069.247 GC heap before
{Heap before GC invocations=504 (full 11):
 PSYoungGen      total 4096K, used 4084K [0x00000000eab00000, 0x00000000eb080000, 0x0000000100000000)
  eden space 3584K, 100% used [0x00000000eab00000,0x00000000eae80000,0x00000000eae80000)
  from space 512K, 97% used [0x00000000eaf80000,0x00000000eaffd360,0x00000000eb000000)
  to   space 1024K, 0% used [0x00000000eae80000,0x00000000eae80000,0x00000000eaf80000)
 ParOldGen       total 223232K, used 217669K [0x00000000c0000000, 0x00000000cda00000, 0x00000000eab00000)
  object space 223232K, 97% used [0x00000000c0000000,0x00000000cd491430,0x00000000cda00000)
 Metaspace       used 89534K, committed 90816K, reserved 1179648K
  class space    used 9428K, committed 9984K, reserved 1048576K
}
Event: 147069.252 GC heap after
{Heap after GC invocations=504 (full 11):
 PSYoungGen      total 4608K, used 1001K [0x00000000eab00000, 0x00000000eb980000, 0x0000000100000000)
  eden space 3584K, 0% used [0x00000000eab00000,0x00000000eab00000,0x00000000eae80000)
  from space 1024K, 97% used [0x00000000eae80000,0x00000000eaf7a6a0,0x00000000eaf80000)
  to   space 5120K, 0% used [0x00000000eb480000,0x00000000eb480000,0x00000000eb980000)
 ParOldGen       total 223232K, used 220749K [0x00000000c0000000, 0x00000000cda00000, 0x00000000eab00000)
  object space 223232K, 98% used [0x00000000c0000000,0x00000000cd793430,0x00000000cda00000)
 Metaspace       used 89534K, committed 90816K, reserved 1179648K
  class space    used 9428K, committed 9984K, reserved 1048576K
}
Event: 147069.253 GC heap before
{Heap before GC invocations=505 (full 12):
 PSYoungGen      total 4608K, used 1001K [0x00000000eab00000, 0x00000000eb980000, 0x0000000100000000)
  eden space 3584K, 0% used [0x00000000eab00000,0x00000000eab00000,0x00000000eae80000)
  from space 1024K, 97% used [0x00000000eae80000,0x00000000eaf7a6a0,0x00000000eaf80000)
  to   space 5120K, 0% used [0x00000000eb480000,0x00000000eb480000,0x00000000eb980000)
 ParOldGen       total 223232K, used 220749K [0x00000000c0000000, 0x00000000cda00000, 0x00000000eab00000)
  object space 223232K, 98% used [0x00000000c0000000,0x00000000cd793430,0x00000000cda00000)
 Metaspace       used 89534K, committed 90816K, reserved 1179648K
  class space    used 9428K, committed 9984K, reserved 1048576K
}

